{"total": {"lines":{"total":543,"covered":323,"skipped":0,"pct":59.48},"statements":{"total":557,"covered":328,"skipped":0,"pct":58.88},"functions":{"total":131,"covered":61,"skipped":0,"pct":46.56},"branches":{"total":78,"covered":44,"skipped":0,"pct":56.41},"branchesTrue":{"total":0,"covered":0,"skipped":0,"pct":100}}
,"/Users/alezemelo/Desktop/SoftwareEng2/MainProject/SE2_KirunaExplorer/server/index.ts": {"lines":{"total":25,"covered":17,"skipped":0,"pct":68},"functions":{"total":3,"covered":1,"skipped":0,"pct":33.33},"statements":{"total":26,"covered":18,"skipped":0,"pct":69.23},"branches":{"total":2,"covered":0,"skipped":0,"pct":0}}
,"/Users/alezemelo/Desktop/SoftwareEng2/MainProject/SE2_KirunaExplorer/server/src/routes.ts": {"lines":{"total":21,"covered":21,"skipped":0,"pct":100},"functions":{"total":1,"covered":1,"skipped":0,"pct":100},"statements":{"total":21,"covered":21,"skipped":0,"pct":100},"branches":{"total":0,"covered":0,"skipped":0,"pct":100}}
,"/Users/alezemelo/Desktop/SoftwareEng2/MainProject/SE2_KirunaExplorer/server/src/authentication/auth.ts": {"lines":{"total":48,"covered":15,"skipped":0,"pct":31.25},"functions":{"total":16,"covered":2,"skipped":0,"pct":12.5},"statements":{"total":50,"covered":15,"skipped":0,"pct":30},"branches":{"total":10,"covered":0,"skipped":0,"pct":0}}
,"/Users/alezemelo/Desktop/SoftwareEng2/MainProject/SE2_KirunaExplorer/server/src/db/db.ts": {"lines":{"total":6,"covered":6,"skipped":0,"pct":100},"functions":{"total":0,"covered":0,"skipped":0,"pct":100},"statements":{"total":6,"covered":6,"skipped":0,"pct":100},"branches":{"total":2,"covered":1,"skipped":0,"pct":50}}
,"/Users/alezemelo/Desktop/SoftwareEng2/MainProject/SE2_KirunaExplorer/server/src/db/db_common_operations.ts": {"lines":{"total":48,"covered":14,"skipped":0,"pct":29.16},"functions":{"total":5,"covered":1,"skipped":0,"pct":20},"statements":{"total":48,"covered":14,"skipped":0,"pct":29.16},"branches":{"total":0,"covered":0,"skipped":0,"pct":100}}
,"/Users/alezemelo/Desktop/SoftwareEng2/MainProject/SE2_KirunaExplorer/server/src/db/db_init.ts": {"lines":{"total":9,"covered":4,"skipped":0,"pct":44.44},"functions":{"total":1,"covered":0,"skipped":0,"pct":0},"statements":{"total":9,"covered":4,"skipped":0,"pct":44.44},"branches":{"total":1,"covered":0,"skipped":0,"pct":0}}
,"/Users/alezemelo/Desktop/SoftwareEng2/MainProject/SE2_KirunaExplorer/server/src/db/knexfile.ts": {"lines":{"total":4,"covered":4,"skipped":0,"pct":100},"functions":{"total":0,"covered":0,"skipped":0,"pct":100},"statements":{"total":4,"covered":4,"skipped":0,"pct":100},"branches":{"total":0,"covered":0,"skipped":0,"pct":100}}
,"/Users/alezemelo/Desktop/SoftwareEng2/MainProject/SE2_KirunaExplorer/server/src/db/temp_db.ts": {"lines":{"total":13,"covered":9,"skipped":0,"pct":69.23},"functions":{"total":3,"covered":3,"skipped":0,"pct":100},"statements":{"total":13,"covered":9,"skipped":0,"pct":69.23},"branches":{"total":0,"covered":0,"skipped":0,"pct":100}}
,"/Users/alezemelo/Desktop/SoftwareEng2/MainProject/SE2_KirunaExplorer/server/src/db/actual_data/documents.ts": {"lines":{"total":9,"covered":9,"skipped":0,"pct":100},"functions":{"total":0,"covered":0,"skipped":0,"pct":100},"statements":{"total":9,"covered":9,"skipped":0,"pct":100},"branches":{"total":0,"covered":0,"skipped":0,"pct":100}}
,"/Users/alezemelo/Desktop/SoftwareEng2/MainProject/SE2_KirunaExplorer/server/src/db/sample_data/sample_doc_files.ts": {"lines":{"total":1,"covered":1,"skipped":0,"pct":100},"functions":{"total":0,"covered":0,"skipped":0,"pct":100},"statements":{"total":1,"covered":1,"skipped":0,"pct":100},"branches":{"total":0,"covered":0,"skipped":0,"pct":100}}
,"/Users/alezemelo/Desktop/SoftwareEng2/MainProject/SE2_KirunaExplorer/server/src/db/sample_data/sample_files.ts": {"lines":{"total":2,"covered":2,"skipped":0,"pct":100},"functions":{"total":0,"covered":0,"skipped":0,"pct":100},"statements":{"total":2,"covered":2,"skipped":0,"pct":100},"branches":{"total":0,"covered":0,"skipped":0,"pct":100}}
,"/Users/alezemelo/Desktop/SoftwareEng2/MainProject/SE2_KirunaExplorer/server/src/db/sample_data/sample_users.ts": {"lines":{"total":1,"covered":1,"skipped":0,"pct":100},"functions":{"total":0,"covered":0,"skipped":0,"pct":100},"statements":{"total":1,"covered":1,"skipped":0,"pct":100},"branches":{"total":0,"covered":0,"skipped":0,"pct":100}}
,"/Users/alezemelo/Desktop/SoftwareEng2/MainProject/SE2_KirunaExplorer/server/src/errors/documentErrors.ts": {"lines":{"total":9,"covered":6,"skipped":0,"pct":66.66},"functions":{"total":2,"covered":1,"skipped":0,"pct":50},"statements":{"total":10,"covered":7,"skipped":0,"pct":70},"branches":{"total":0,"covered":0,"skipped":0,"pct":100}}
,"/Users/alezemelo/Desktop/SoftwareEng2/MainProject/SE2_KirunaExplorer/server/src/models/coordinates.ts": {"lines":{"total":10,"covered":10,"skipped":0,"pct":100},"functions":{"total":5,"covered":5,"skipped":0,"pct":100},"statements":{"total":10,"covered":10,"skipped":0,"pct":100},"branches":{"total":0,"covered":0,"skipped":0,"pct":100}}
,"/Users/alezemelo/Desktop/SoftwareEng2/MainProject/SE2_KirunaExplorer/server/src/models/document.ts": {"lines":{"total":49,"covered":40,"skipped":0,"pct":81.63},"functions":{"total":17,"covered":8,"skipped":0,"pct":47.05},"statements":{"total":55,"covered":42,"skipped":0,"pct":76.36},"branches":{"total":23,"covered":19,"skipped":0,"pct":82.6}}
,"/Users/alezemelo/Desktop/SoftwareEng2/MainProject/SE2_KirunaExplorer/server/src/models/user.ts": {"lines":{"total":16,"covered":5,"skipped":0,"pct":31.25},"functions":{"total":9,"covered":1,"skipped":0,"pct":11.11},"statements":{"total":16,"covered":5,"skipped":0,"pct":31.25},"branches":{"total":2,"covered":2,"skipped":0,"pct":100}}
,"/Users/alezemelo/Desktop/SoftwareEng2/MainProject/SE2_KirunaExplorer/server/src/rcd/controllers/LinkController.ts": {"lines":{"total":13,"covered":10,"skipped":0,"pct":76.92},"functions":{"total":3,"covered":3,"skipped":0,"pct":100},"statements":{"total":13,"covered":10,"skipped":0,"pct":76.92},"branches":{"total":5,"covered":3,"skipped":0,"pct":60}}
,"/Users/alezemelo/Desktop/SoftwareEng2/MainProject/SE2_KirunaExplorer/server/src/rcd/controllers/documentController.ts": {"lines":{"total":37,"covered":21,"skipped":0,"pct":56.75},"functions":{"total":6,"covered":4,"skipped":0,"pct":66.66},"statements":{"total":37,"covered":21,"skipped":0,"pct":56.75},"branches":{"total":3,"covered":2,"skipped":0,"pct":66.66}}
,"/Users/alezemelo/Desktop/SoftwareEng2/MainProject/SE2_KirunaExplorer/server/src/rcd/daos/LinksDAO.ts": {"lines":{"total":19,"covered":16,"skipped":0,"pct":84.21},"functions":{"total":3,"covered":2,"skipped":0,"pct":66.66},"statements":{"total":20,"covered":16,"skipped":0,"pct":80},"branches":{"total":1,"covered":0,"skipped":0,"pct":0}}
,"/Users/alezemelo/Desktop/SoftwareEng2/MainProject/SE2_KirunaExplorer/server/src/rcd/daos/documentDAO.ts": {"lines":{"total":46,"covered":20,"skipped":0,"pct":43.47},"functions":{"total":6,"covered":4,"skipped":0,"pct":66.66},"statements":{"total":47,"covered":20,"skipped":0,"pct":42.55},"branches":{"total":8,"covered":3,"skipped":0,"pct":37.5}}
,"/Users/alezemelo/Desktop/SoftwareEng2/MainProject/SE2_KirunaExplorer/server/src/rcd/daos/userDAO.ts": {"lines":{"total":29,"covered":4,"skipped":0,"pct":13.79},"functions":{"total":5,"covered":0,"skipped":0,"pct":0},"statements":{"total":30,"covered":4,"skipped":0,"pct":13.33},"branches":{"total":5,"covered":0,"skipped":0,"pct":0}}
,"/Users/alezemelo/Desktop/SoftwareEng2/MainProject/SE2_KirunaExplorer/server/src/rcd/routes/LinksRoute.ts": {"lines":{"total":25,"covered":19,"skipped":0,"pct":76},"functions":{"total":9,"covered":7,"skipped":0,"pct":77.77},"statements":{"total":25,"covered":19,"skipped":0,"pct":76},"branches":{"total":5,"covered":3,"skipped":0,"pct":60}}
,"/Users/alezemelo/Desktop/SoftwareEng2/MainProject/SE2_KirunaExplorer/server/src/rcd/routes/document_routes.ts": {"lines":{"total":44,"covered":32,"skipped":0,"pct":72.72},"functions":{"total":20,"covered":10,"skipped":0,"pct":50},"statements":{"total":44,"covered":32,"skipped":0,"pct":72.72},"branches":{"total":4,"covered":4,"skipped":0,"pct":100}}
,"/Users/alezemelo/Desktop/SoftwareEng2/MainProject/SE2_KirunaExplorer/server/src/rcd/routes/helper.ts": {"lines":{"total":11,"covered":11,"skipped":0,"pct":100},"functions":{"total":4,"covered":4,"skipped":0,"pct":100},"statements":{"total":11,"covered":11,"skipped":0,"pct":100},"branches":{"total":7,"covered":7,"skipped":0,"pct":100}}
,"/Users/alezemelo/Desktop/SoftwareEng2/MainProject/SE2_KirunaExplorer/server/src/rcd/routes/user_routes.ts": {"lines":{"total":26,"covered":12,"skipped":0,"pct":46.15},"functions":{"total":12,"covered":3,"skipped":0,"pct":25},"statements":{"total":27,"covered":13,"skipped":0,"pct":48.14},"branches":{"total":0,"covered":0,"skipped":0,"pct":100}}
,"/Users/alezemelo/Desktop/SoftwareEng2/MainProject/SE2_KirunaExplorer/server/src/test/populate_for_some_tests.ts": {"lines":{"total":22,"covered":14,"skipped":0,"pct":63.63},"functions":{"total":1,"covered":1,"skipped":0,"pct":100},"statements":{"total":22,"covered":14,"skipped":0,"pct":63.63},"branches":{"total":0,"covered":0,"skipped":0,"pct":100}}
}
