{"total": {"lines":{"total":701,"covered":459,"skipped":0,"pct":65.47},"statements":{"total":722,"covered":472,"skipped":0,"pct":65.37},"functions":{"total":159,"covered":101,"skipped":0,"pct":63.52},"branches":{"total":194,"covered":104,"skipped":0,"pct":53.6},"branchesTrue":{"total":0,"covered":0,"skipped":0,"pct":100}}
,"/Users/alezemelo/Desktop/SoftwareEng2/MainProject/SE2_KirunaExplorer/server/index.ts": {"lines":{"total":26,"covered":18,"skipped":0,"pct":69.23},"functions":{"total":3,"covered":1,"skipped":0,"pct":33.33},"statements":{"total":27,"covered":19,"skipped":0,"pct":70.37},"branches":{"total":2,"covered":0,"skipped":0,"pct":0}}
,"/Users/alezemelo/Desktop/SoftwareEng2/MainProject/SE2_KirunaExplorer/server/src/routes.ts": {"lines":{"total":24,"covered":24,"skipped":0,"pct":100},"functions":{"total":1,"covered":1,"skipped":0,"pct":100},"statements":{"total":24,"covered":24,"skipped":0,"pct":100},"branches":{"total":0,"covered":0,"skipped":0,"pct":100}}
,"/Users/alezemelo/Desktop/SoftwareEng2/MainProject/SE2_KirunaExplorer/server/src/authentication/auth.ts": {"lines":{"total":54,"covered":45,"skipped":0,"pct":83.33},"functions":{"total":15,"covered":12,"skipped":0,"pct":80},"statements":{"total":55,"covered":45,"skipped":0,"pct":81.81},"branches":{"total":11,"covered":8,"skipped":0,"pct":72.72}}
,"/Users/alezemelo/Desktop/SoftwareEng2/MainProject/SE2_KirunaExplorer/server/src/db/db.ts": {"lines":{"total":6,"covered":6,"skipped":0,"pct":100},"functions":{"total":0,"covered":0,"skipped":0,"pct":100},"statements":{"total":6,"covered":6,"skipped":0,"pct":100},"branches":{"total":2,"covered":1,"skipped":0,"pct":50}}
,"/Users/alezemelo/Desktop/SoftwareEng2/MainProject/SE2_KirunaExplorer/server/src/db/db_common_operations.ts": {"lines":{"total":48,"covered":14,"skipped":0,"pct":29.16},"functions":{"total":5,"covered":1,"skipped":0,"pct":20},"statements":{"total":48,"covered":14,"skipped":0,"pct":29.16},"branches":{"total":0,"covered":0,"skipped":0,"pct":100}}
,"/Users/alezemelo/Desktop/SoftwareEng2/MainProject/SE2_KirunaExplorer/server/src/db/db_init.ts": {"lines":{"total":11,"covered":4,"skipped":0,"pct":36.36},"functions":{"total":2,"covered":0,"skipped":0,"pct":0},"statements":{"total":11,"covered":4,"skipped":0,"pct":36.36},"branches":{"total":1,"covered":0,"skipped":0,"pct":0}}
,"/Users/alezemelo/Desktop/SoftwareEng2/MainProject/SE2_KirunaExplorer/server/src/db/knexfile.ts": {"lines":{"total":4,"covered":4,"skipped":0,"pct":100},"functions":{"total":0,"covered":0,"skipped":0,"pct":100},"statements":{"total":4,"covered":4,"skipped":0,"pct":100},"branches":{"total":4,"covered":4,"skipped":0,"pct":100}}
,"/Users/alezemelo/Desktop/SoftwareEng2/MainProject/SE2_KirunaExplorer/server/src/db/temp_db.ts": {"lines":{"total":13,"covered":9,"skipped":0,"pct":69.23},"functions":{"total":3,"covered":3,"skipped":0,"pct":100},"statements":{"total":13,"covered":9,"skipped":0,"pct":69.23},"branches":{"total":2,"covered":2,"skipped":0,"pct":100}}
,"/Users/alezemelo/Desktop/SoftwareEng2/MainProject/SE2_KirunaExplorer/server/src/db/actual_data/documents.ts": {"lines":{"total":10,"covered":10,"skipped":0,"pct":100},"functions":{"total":0,"covered":0,"skipped":0,"pct":100},"statements":{"total":10,"covered":10,"skipped":0,"pct":100},"branches":{"total":0,"covered":0,"skipped":0,"pct":100}}
,"/Users/alezemelo/Desktop/SoftwareEng2/MainProject/SE2_KirunaExplorer/server/src/db/sample_data/sample_doc_files.ts": {"lines":{"total":1,"covered":1,"skipped":0,"pct":100},"functions":{"total":0,"covered":0,"skipped":0,"pct":100},"statements":{"total":1,"covered":1,"skipped":0,"pct":100},"branches":{"total":0,"covered":0,"skipped":0,"pct":100}}
,"/Users/alezemelo/Desktop/SoftwareEng2/MainProject/SE2_KirunaExplorer/server/src/db/sample_data/sample_files.ts": {"lines":{"total":2,"covered":2,"skipped":0,"pct":100},"functions":{"total":0,"covered":0,"skipped":0,"pct":100},"statements":{"total":2,"covered":2,"skipped":0,"pct":100},"branches":{"total":0,"covered":0,"skipped":0,"pct":100}}
,"/Users/alezemelo/Desktop/SoftwareEng2/MainProject/SE2_KirunaExplorer/server/src/db/sample_data/sample_users.ts": {"lines":{"total":1,"covered":1,"skipped":0,"pct":100},"functions":{"total":0,"covered":0,"skipped":0,"pct":100},"statements":{"total":1,"covered":1,"skipped":0,"pct":100},"branches":{"total":0,"covered":0,"skipped":0,"pct":100}}
,"/Users/alezemelo/Desktop/SoftwareEng2/MainProject/SE2_KirunaExplorer/server/src/errors/documentErrors.ts": {"lines":{"total":9,"covered":6,"skipped":0,"pct":66.66},"functions":{"total":2,"covered":1,"skipped":0,"pct":50},"statements":{"total":10,"covered":7,"skipped":0,"pct":70},"branches":{"total":0,"covered":0,"skipped":0,"pct":100}}
,"/Users/alezemelo/Desktop/SoftwareEng2/MainProject/SE2_KirunaExplorer/server/src/models/coordinates.ts": {"lines":{"total":67,"covered":64,"skipped":0,"pct":95.52},"functions":{"total":25,"covered":25,"skipped":0,"pct":100},"statements":{"total":68,"covered":65,"skipped":0,"pct":95.58},"branches":{"total":35,"covered":32,"skipped":0,"pct":91.42}}
,"/Users/alezemelo/Desktop/SoftwareEng2/MainProject/SE2_KirunaExplorer/server/src/models/document.ts": {"lines":{"total":64,"covered":63,"skipped":0,"pct":98.43},"functions":{"total":13,"covered":12,"skipped":0,"pct":92.3},"statements":{"total":73,"covered":68,"skipped":0,"pct":93.15},"branches":{"total":38,"covered":33,"skipped":0,"pct":86.84}}
,"/Users/alezemelo/Desktop/SoftwareEng2/MainProject/SE2_KirunaExplorer/server/src/models/user.ts": {"lines":{"total":22,"covered":11,"skipped":0,"pct":50},"functions":{"total":14,"covered":3,"skipped":0,"pct":21.42},"statements":{"total":23,"covered":12,"skipped":0,"pct":52.17},"branches":{"total":2,"covered":2,"skipped":0,"pct":100}}
,"/Users/alezemelo/Desktop/SoftwareEng2/MainProject/SE2_KirunaExplorer/server/src/rcd/controllers/LinkController.ts": {"lines":{"total":13,"covered":10,"skipped":0,"pct":76.92},"functions":{"total":3,"covered":3,"skipped":0,"pct":100},"statements":{"total":13,"covered":10,"skipped":0,"pct":76.92},"branches":{"total":5,"covered":3,"skipped":0,"pct":60}}
,"/Users/alezemelo/Desktop/SoftwareEng2/MainProject/SE2_KirunaExplorer/server/src/rcd/controllers/documentController.ts": {"lines":{"total":45,"covered":16,"skipped":0,"pct":35.55},"functions":{"total":7,"covered":3,"skipped":0,"pct":42.85},"statements":{"total":45,"covered":16,"skipped":0,"pct":35.55},"branches":{"total":11,"covered":2,"skipped":0,"pct":18.18}}
,"/Users/alezemelo/Desktop/SoftwareEng2/MainProject/SE2_KirunaExplorer/server/src/rcd/daos/LinksDAO.ts": {"lines":{"total":19,"covered":16,"skipped":0,"pct":84.21},"functions":{"total":3,"covered":2,"skipped":0,"pct":66.66},"statements":{"total":20,"covered":16,"skipped":0,"pct":80},"branches":{"total":1,"covered":0,"skipped":0,"pct":0}}
,"/Users/alezemelo/Desktop/SoftwareEng2/MainProject/SE2_KirunaExplorer/server/src/rcd/daos/documentDAO.ts": {"lines":{"total":66,"covered":14,"skipped":0,"pct":21.21},"functions":{"total":8,"covered":3,"skipped":0,"pct":37.5},"statements":{"total":67,"covered":14,"skipped":0,"pct":20.89},"branches":{"total":41,"covered":1,"skipped":0,"pct":2.43}}
,"/Users/alezemelo/Desktop/SoftwareEng2/MainProject/SE2_KirunaExplorer/server/src/rcd/daos/userDAO.ts": {"lines":{"total":30,"covered":20,"skipped":0,"pct":66.66},"functions":{"total":5,"covered":4,"skipped":0,"pct":80},"statements":{"total":31,"covered":20,"skipped":0,"pct":64.51},"branches":{"total":5,"covered":3,"skipped":0,"pct":60}}
,"/Users/alezemelo/Desktop/SoftwareEng2/MainProject/SE2_KirunaExplorer/server/src/rcd/routes/LinksRoute.ts": {"lines":{"total":27,"covered":21,"skipped":0,"pct":77.77},"functions":{"total":9,"covered":7,"skipped":0,"pct":77.77},"statements":{"total":27,"covered":21,"skipped":0,"pct":77.77},"branches":{"total":5,"covered":3,"skipped":0,"pct":60}}
,"/Users/alezemelo/Desktop/SoftwareEng2/MainProject/SE2_KirunaExplorer/server/src/rcd/routes/document_routes.ts": {"lines":{"total":69,"covered":27,"skipped":0,"pct":39.13},"functions":{"total":22,"covered":8,"skipped":0,"pct":36.36},"statements":{"total":69,"covered":27,"skipped":0,"pct":39.13},"branches":{"total":21,"covered":4,"skipped":0,"pct":19.04}}
,"/Users/alezemelo/Desktop/SoftwareEng2/MainProject/SE2_KirunaExplorer/server/src/rcd/routes/helper.ts": {"lines":{"total":11,"covered":11,"skipped":0,"pct":100},"functions":{"total":4,"covered":4,"skipped":0,"pct":100},"statements":{"total":11,"covered":11,"skipped":0,"pct":100},"branches":{"total":7,"covered":5,"skipped":0,"pct":71.42}}
,"/Users/alezemelo/Desktop/SoftwareEng2/MainProject/SE2_KirunaExplorer/server/src/rcd/routes/user_routes.ts": {"lines":{"total":25,"covered":16,"skipped":0,"pct":64},"functions":{"total":11,"covered":4,"skipped":0,"pct":36.36},"statements":{"total":26,"covered":17,"skipped":0,"pct":65.38},"branches":{"total":0,"covered":0,"skipped":0,"pct":100}}
,"/Users/alezemelo/Desktop/SoftwareEng2/MainProject/SE2_KirunaExplorer/server/src/test/populate_for_some_tests.ts": {"lines":{"total":22,"covered":14,"skipped":0,"pct":63.63},"functions":{"total":1,"covered":1,"skipped":0,"pct":100},"statements":{"total":22,"covered":14,"skipped":0,"pct":63.63},"branches":{"total":0,"covered":0,"skipped":0,"pct":100}}
,"/Users/alezemelo/Desktop/SoftwareEng2/MainProject/SE2_KirunaExplorer/server/src/test/tests_integration/test_utility.ts": {"lines":{"total":12,"covered":12,"skipped":0,"pct":100},"functions":{"total":3,"covered":3,"skipped":0,"pct":100},"statements":{"total":15,"covered":15,"skipped":0,"pct":100},"branches":{"total":1,"covered":1,"skipped":0,"pct":100}}
}
