TN:
SF:index.ts
FN:24,(anonymous_1)
FN:36,(anonymous_2)
FN:41,start
FNF:3
FNH:1
FNDA:0,(anonymous_1)
FNDA:1,(anonymous_2)
FNDA:0,start
DA:1,5
DA:2,5
DA:3,5
DA:4,5
DA:6,5
DA:7,5
DA:9,5
DA:14,5
DA:15,5
DA:18,5
DA:19,5
DA:22,5
DA:25,0
DA:26,0
DA:27,0
DA:29,0
DA:30,0
DA:33,5
DA:36,5
DA:37,1
DA:38,1
DA:42,0
DA:44,5
DA:45,0
DA:46,0
DA:49,5
LF:26
LH:18
BRDA:26,0,0,0
BRDA:44,1,0,0
BRF:2
BRH:0
end_of_record
TN:
SF:src/routes.ts
FN:20,initRoutes
FNF:1
FNH:1
FNDA:5,initRoutes
DA:1,5
DA:3,5
DA:4,5
DA:6,5
DA:7,5
DA:8,5
DA:9,5
DA:10,5
DA:21,5
DA:22,5
DA:23,5
DA:25,5
DA:26,5
DA:27,5
DA:28,5
DA:36,5
DA:37,5
DA:38,5
DA:39,5
DA:40,5
DA:41,5
DA:43,5
DA:44,5
DA:48,5
LF:24
LH:24
BRF:0
BRH:0
end_of_record
TN:
SF:src/authentication/auth.ts
FN:13,(anonymous_1)
FN:19,(anonymous_2)
FN:33,verify
FN:46,(anonymous_4)
FN:51,(anonymous_5)
FN:68,(anonymous_6)
FN:69,(anonymous_7)
FN:70,(anonymous_8)
FN:78,(anonymous_9)
FN:79,(anonymous_10)
FN:80,(anonymous_11)
FN:87,(anonymous_12)
FN:99,(anonymous_13)
FN:111,(anonymous_14)
FN:112,(anonymous_15)
FNF:15
FNH:12
FNDA:5,(anonymous_1)
FNDA:5,(anonymous_2)
FNDA:15,verify
FNDA:13,(anonymous_4)
FNDA:13,(anonymous_5)
FNDA:0,(anonymous_6)
FNDA:0,(anonymous_7)
FNDA:0,(anonymous_8)
FNDA:15,(anonymous_9)
FNDA:15,(anonymous_10)
FNDA:15,(anonymous_11)
FNDA:13,(anonymous_12)
FNDA:17,(anonymous_13)
FNDA:20,(anonymous_14)
FNDA:7,(anonymous_15)
DA:1,5
DA:2,5
DA:3,5
DA:5,5
DA:7,5
DA:14,5
DA:15,5
DA:16,5
DA:20,5
DA:26,5
DA:27,5
DA:30,5
DA:33,5
DA:35,15
DA:36,15
DA:37,15
DA:38,2
DA:40,13
DA:42,0
DA:46,5
DA:47,13
DA:48,13
DA:51,5
DA:52,13
DA:53,13
DA:54,13
DA:55,13
DA:56,6
DA:58,7
DA:59,7
DA:61,0
DA:62,0
DA:69,0
DA:70,0
DA:71,0
DA:72,0
DA:79,15
DA:80,15
DA:81,15
DA:82,0
DA:84,15
DA:85,2
DA:87,13
DA:88,13
DA:89,0
DA:91,13
DA:100,17
DA:101,7
DA:103,10
DA:112,20
DA:113,7
DA:114,6
DA:116,1
DA:125,5
LF:54
LH:45
BRDA:37,0,0,2
BRDA:55,1,0,6
BRDA:71,2,0,0
BRDA:81,3,0,0
BRDA:84,4,0,2
BRDA:88,5,0,0
BRDA:100,6,0,7
BRDA:113,7,0,6
BRDA:113,8,0,7
BRDA:113,8,1,7
BRDA:113,8,2,7
BRF:11
BRH:8
end_of_record
TN:
SF:src/db/db.ts
FNF:0
FNH:0
DA:1,10
DA:2,10
DA:4,10
DA:5,10
DA:6,10
DA:8,10
LF:6
LH:6
BRDA:4,0,0,10
BRDA:4,0,1,0
BRF:2
BRH:1
end_of_record
TN:
SF:src/db/db_common_operations.ts
FN:14,dbPopulate
FN:63,dbEmpty
FN:76,dbRead
FN:90,dbUpdate
FN:106,dbPopulateActualData
FNF:5
FNH:1
FNDA:0,dbPopulate
FNDA:41,dbEmpty
FNDA:0,dbRead
FNDA:0,dbUpdate
FNDA:0,dbPopulateActualData
DA:2,8
DA:3,8
DA:4,8
DA:7,8
DA:8,8
DA:9,8
DA:10,8
DA:14,8
DA:15,0
DA:17,0
DA:24,0
DA:52,0
DA:58,0
DA:63,8
DA:64,41
DA:65,41
DA:68,0
DA:76,8
DA:77,0
DA:78,0
DA:79,0
DA:80,0
DA:81,0
DA:82,0
DA:83,0
DA:85,0
DA:86,0
DA:90,8
DA:91,0
DA:94,0
DA:99,0
DA:101,0
DA:102,0
DA:106,8
DA:107,0
DA:109,0
DA:110,0
DA:115,0
DA:116,0
DA:121,0
DA:122,0
DA:123,0
DA:124,0
DA:128,0
DA:129,0
DA:134,0
DA:135,0
DA:140,0
LF:48
LH:14
BRF:0
BRH:0
end_of_record
TN:
SF:src/db/db_init.ts
FN:4,dbInit
FN:10,dbInitMainmodule
FNF:2
FNH:0
FNDA:0,dbInit
FNDA:0,dbInitMainmodule
DA:1,5
DA:2,5
DA:5,0
DA:6,0
DA:7,0
DA:11,0
DA:12,0
DA:15,5
DA:16,0
DA:17,0
DA:20,5
LF:11
LH:4
BRDA:15,0,0,0
BRF:1
BRH:0
end_of_record
TN:
SF:src/db/knexfile.ts
FNF:0
FNH:0
DA:33,10
DA:35,10
DA:37,10
DA:75,10
LF:4
LH:4
BRDA:42,0,0,10
BRDA:42,0,1,10
BRDA:56,1,0,10
BRDA:56,1,1,10
BRF:4
BRH:4
end_of_record
TN:
SF:src/db/temp_db.ts
FN:9,(anonymous_1)
FN:21,(anonymous_2)
FN:30,(anonymous_3)
FNF:3
FNH:3
FNDA:5,(anonymous_1)
FNDA:5,(anonymous_2)
FNDA:5,(anonymous_3)
DA:4,5
DA:10,5
DA:22,5
DA:23,5
DA:25,0
DA:26,0
DA:31,5
DA:32,5
DA:34,0
DA:35,0
DA:40,5
DA:41,5
DA:43,5
LF:13
LH:9
BRDA:13,0,0,5
BRDA:13,0,1,5
BRF:2
BRH:2
end_of_record
TN:
SF:src/db/actual_data/documents.ts
FNF:0
FNH:0
DA:1,8
DA:2,8
DA:3,8
DA:4,8
DA:5,8
DA:7,8
DA:30,8
DA:50,8
DA:87,8
DA:89,8
LF:10
LH:10
BRF:0
BRH:0
end_of_record
TN:
SF:src/db/sample_data/sample_doc_files.ts
FNF:0
FNH:0
DA:1,8
LF:1
LH:1
BRF:0
BRH:0
end_of_record
TN:
SF:src/db/sample_data/sample_files.ts
FNF:0
FNH:0
DA:1,8
DA:3,8
LF:2
LH:2
BRF:0
BRH:0
end_of_record
TN:
SF:src/db/sample_data/sample_users.ts
FNF:0
FNH:0
DA:2,8
LF:1
LH:1
BRF:0
BRH:0
end_of_record
TN:
SF:src/errors/documentErrors.ts
FN:11,(anonymous_0)
FN:26,(anonymous_1)
FNF:2
FNH:1
FNDA:10,(anonymous_0)
FNDA:0,(anonymous_1)
DA:1,5
DA:12,10
DA:13,10
DA:14,10
DA:15,10
DA:27,0
DA:28,0
DA:29,0
DA:33,5
LF:9
LH:6
BRF:0
BRH:0
end_of_record
TN:
SF:src/models/coordinates.ts
FN:3,(anonymous_0)
FN:20,(anonymous_1)
FN:33,(anonymous_2)
FN:48,(anonymous_3)
FN:52,(anonymous_4)
FN:57,(anonymous_5)
FN:66,(anonymous_6)
FN:75,(anonymous_7)
FN:80,(anonymous_8)
FN:84,(anonymous_9)
FN:93,(anonymous_10)
FN:103,(anonymous_11)
FN:109,(anonymous_12)
FN:113,(anonymous_13)
FN:121,(anonymous_14)
FN:140,(anonymous_15)
FN:155,(anonymous_16)
FN:156,(anonymous_17)
FN:161,(anonymous_18)
FN:166,(anonymous_19)
FN:172,(anonymous_20)
FN:179,(anonymous_21)
FN:183,(anonymous_22)
FN:191,(anonymous_23)
FN:198,(anonymous_24)
FNF:25
FNH:25
FNDA:10,(anonymous_0)
FNDA:52,(anonymous_1)
FNDA:9,(anonymous_2)
FNDA:31,(anonymous_3)
FNDA:31,(anonymous_4)
FNDA:3,(anonymous_5)
FNDA:182,(anonymous_6)
FNDA:12,(anonymous_7)
FNDA:146,(anonymous_8)
FNDA:142,(anonymous_9)
FNDA:10,(anonymous_10)
FNDA:9,(anonymous_11)
FNDA:7,(anonymous_12)
FNDA:3,(anonymous_13)
FNDA:2,(anonymous_14)
FNDA:35,(anonymous_15)
FNDA:16,(anonymous_16)
FNDA:64,(anonymous_17)
FNDA:14,(anonymous_18)
FNDA:9,(anonymous_19)
FNDA:11,(anonymous_20)
FNDA:6,(anonymous_21)
FNDA:3,(anonymous_22)
FNDA:2,(anonymous_23)
FNDA:8,(anonymous_24)
DA:3,10
DA:4,10
DA:5,10
DA:6,10
DA:9,10
DA:21,52
DA:22,2
DA:23,50
DA:24,2
DA:25,48
DA:26,2
DA:29,46
DA:30,46
DA:35,9
DA:36,2
DA:39,7
DA:40,0
DA:42,7
DA:49,31
DA:53,31
DA:58,3
DA:62,10
DA:67,182
DA:68,182
DA:76,12
DA:81,146
DA:85,142
DA:95,10
DA:96,10
DA:105,9
DA:106,9
DA:110,7
DA:114,3
DA:115,3
DA:122,2
DA:124,2
DA:125,2
DA:127,2
DA:128,2
DA:129,2
DA:130,2
DA:132,0
DA:137,10
DA:141,35
DA:142,2
DA:144,33
DA:145,2
DA:148,31
DA:156,64
DA:157,16
DA:162,14
DA:168,9
DA:169,9
DA:175,11
DA:176,11
DA:180,6
DA:184,3
DA:185,3
DA:192,2
DA:194,2
DA:195,2
DA:197,2
DA:198,2
DA:199,8
DA:200,8
DA:202,2
DA:204,0
LF:67
LH:64
BRDA:3,0,0,10
BRDA:3,0,1,10
BRDA:21,1,0,2
BRDA:21,1,1,50
BRDA:21,2,0,52
BRDA:21,2,1,19
BRDA:23,3,0,2
BRDA:23,3,1,48
BRDA:23,4,0,50
BRDA:23,4,1,15
BRDA:25,5,0,2
BRDA:25,6,0,48
BRDA:25,6,1,18
BRDA:35,7,0,2
BRDA:35,7,1,7
BRDA:39,8,0,0
BRDA:39,8,1,7
BRDA:58,9,0,3
BRDA:58,9,1,2
BRDA:110,10,0,7
BRDA:110,10,1,6
BRDA:127,11,0,2
BRDA:127,11,1,0
BRDA:127,12,0,2
BRDA:127,12,1,2
BRDA:141,13,0,2
BRDA:144,14,0,2
BRDA:144,15,0,33
BRDA:144,15,1,31
BRDA:180,16,0,6
BRDA:180,16,1,5
BRDA:197,17,0,2
BRDA:197,17,1,0
BRDA:197,18,0,2
BRDA:197,18,1,2
BRF:35
BRH:32
end_of_record
TN:
SF:src/models/document.ts
FN:7,(anonymous_1)
FN:31,(anonymous_2)
FN:58,(anonymous_3)
FN:97,(anonymous_4)
FN:126,(anonymous_5)
FN:132,(anonymous_6)
FN:152,(anonymous_7)
FN:156,(anonymous_8)
FN:161,(anonymous_9)
FN:175,(anonymous_10)
FN:183,(anonymous_11)
FN:200,(anonymous_12)
FN:217,(anonymous_13)
FNF:13
FNH:11
FNDA:9,(anonymous_1)
FNDA:41,(anonymous_2)
FNDA:8,(anonymous_3)
FNDA:24,(anonymous_4)
FNDA:1,(anonymous_5)
FNDA:1,(anonymous_6)
FNDA:0,(anonymous_7)
FNDA:11,(anonymous_8)
FNDA:9,(anonymous_9)
FNDA:2,(anonymous_10)
FNDA:2,(anonymous_11)
FNDA:1,(anonymous_12)
FNDA:0,(anonymous_13)
DA:1,9
DA:2,9
DA:3,9
DA:4,9
DA:7,9
DA:8,9
DA:9,9
DA:10,9
DA:11,9
DA:12,9
DA:35,41
DA:36,41
DA:37,41
DA:38,41
DA:40,41
DA:41,41
DA:42,41
DA:43,41
DA:44,41
DA:45,41
DA:48,41
DA:60,8
DA:61,7
DA:63,2
DA:64,1
DA:65,1
DA:66,1
DA:68,2
DA:69,1
DA:70,1
DA:71,1
DA:73,2
DA:74,2
DA:76,1
DA:79,4
DA:98,24
DA:99,24
DA:100,24
DA:102,24
DA:127,1
DA:128,1
DA:129,1
DA:133,1
DA:153,0
DA:157,11
DA:161,9
DA:162,9
DA:163,9
DA:164,9
DA:165,9
DA:176,2
DA:177,2
DA:178,2
DA:179,2
DA:180,2
DA:185,2
DA:186,1
DA:187,1
DA:188,1
DA:189,1
DA:191,1
DA:201,1
DA:218,0
DA:227,9
LF:64
LH:62
BRDA:7,0,0,9
BRDA:7,0,1,9
BRDA:48,1,0,31
BRDA:48,1,1,10
BRDA:60,2,0,1
BRDA:61,3,0,2
BRDA:61,3,1,2
BRDA:61,3,2,2
BRDA:61,3,3,1
BRDA:63,4,0,1
BRDA:68,5,0,1
BRDA:84,6,0,3
BRDA:84,6,1,1
BRDA:85,7,0,3
BRDA:85,7,1,1
BRDA:86,8,0,3
BRDA:86,8,1,1
BRDA:87,9,0,3
BRDA:87,9,1,1
BRDA:88,10,0,3
BRDA:88,10,1,1
BRDA:89,11,0,3
BRDA:89,11,1,1
BRDA:98,12,0,24
BRDA:98,12,1,0
BRDA:100,13,0,21
BRDA:100,13,1,3
BRDA:100,14,0,24
BRDA:100,14,1,3
BRDA:115,15,0,3
BRDA:115,15,1,21
BRDA:161,16,0,9
BRDA:161,16,1,9
BRDA:185,17,0,1
BRDA:186,18,0,0
BRDA:187,19,0,0
BRDA:188,20,0,0
BRDA:189,21,0,0
BRF:38
BRH:33
end_of_record
TN:
SF:src/models/user.ts
FN:1,(anonymous_0)
FN:10,(anonymous_1)
FN:15,(anonymous_2)
FN:18,(anonymous_3)
FN:22,(anonymous_4)
FN:25,(anonymous_5)
FN:36,(anonymous_6)
FN:42,(anonymous_7)
FN:45,(anonymous_8)
FN:48,(anonymous_9)
FN:51,(anonymous_10)
FN:55,(anonymous_11)
FN:58,(anonymous_12)
FN:61,(anonymous_13)
FNF:14
FNH:3
FNDA:5,(anonymous_0)
FNDA:20,(anonymous_1)
FNDA:0,(anonymous_2)
FNDA:0,(anonymous_3)
FNDA:0,(anonymous_4)
FNDA:0,(anonymous_5)
FNDA:20,(anonymous_6)
FNDA:0,(anonymous_7)
FNDA:0,(anonymous_8)
FNDA:0,(anonymous_9)
FNDA:0,(anonymous_10)
FNDA:0,(anonymous_11)
FNDA:0,(anonymous_12)
FNDA:0,(anonymous_13)
DA:1,5
DA:2,5
DA:3,5
DA:4,5
DA:11,20
DA:12,20
DA:16,0
DA:19,0
DA:23,0
DA:26,0
DA:37,20
DA:38,20
DA:39,20
DA:40,20
DA:43,0
DA:46,0
DA:49,0
DA:52,0
DA:56,0
DA:59,0
DA:62,0
DA:66,5
LF:22
LH:11
BRDA:1,0,0,5
BRDA:1,0,1,5
BRF:2
BRH:2
end_of_record
TN:
SF:src/rcd/controllers/LinkController.ts
FN:9,(anonymous_1)
FN:14,(anonymous_2)
FN:21,(anonymous_3)
FNF:3
FNH:3
FNDA:6,(anonymous_1)
FNDA:2,(anonymous_2)
FNDA:6,(anonymous_3)
DA:1,5
DA:2,5
DA:10,6
DA:11,6
DA:15,2
DA:16,2
DA:18,0
DA:22,6
DA:23,0
DA:25,6
DA:26,6
DA:28,0
DA:32,5
LF:13
LH:10
BRDA:15,0,0,2
BRDA:22,1,0,0
BRDA:25,2,0,6
BRDA:25,3,0,6
BRDA:25,3,1,0
BRF:5
BRH:3
end_of_record
TN:
SF:src/rcd/controllers/documentController.ts
FN:19,(anonymous_1)
FN:36,(anonymous_2)
FN:90,(anonymous_3)
FN:103,(anonymous_4)
FN:129,(anonymous_5)
FN:141,(anonymous_6)
FN:150,(anonymous_7)
FNF:7
FNH:3
FNDA:7,(anonymous_1)
FNDA:0,(anonymous_2)
FNDA:6,(anonymous_3)
FNDA:0,(anonymous_4)
FNDA:4,(anonymous_5)
FNDA:0,(anonymous_6)
FNDA:0,(anonymous_7)
DA:1,5
DA:2,5
DA:3,5
DA:20,7
DA:49,0
DA:51,0
DA:65,0
DA:66,0
DA:67,0
DA:69,0
DA:70,0
DA:71,0
DA:72,0
DA:73,0
DA:75,0
DA:91,6
DA:92,6
DA:93,6
DA:94,6
DA:96,0
DA:98,6
DA:99,6
DA:104,0
DA:107,0
DA:108,0
DA:109,0
DA:110,0
DA:112,0
DA:114,0
DA:115,0
DA:130,4
DA:131,4
DA:132,4
DA:133,4
DA:135,0
DA:137,4
DA:142,0
DA:143,0
DA:144,0
DA:146,0
DA:151,0
DA:160,0
DA:161,0
DA:163,0
DA:168,5
LF:45
LH:16
BRDA:70,0,0,0
BRDA:70,0,1,0
BRDA:70,1,0,0
BRDA:70,1,1,0
BRDA:72,2,0,0
BRDA:72,2,1,0
BRDA:72,3,0,0
BRDA:72,3,1,0
BRDA:93,4,0,6
BRDA:109,5,0,0
BRDA:132,6,0,4
BRF:11
BRH:2
end_of_record
TN:
SF:src/rcd/daos/LinksDAO.ts
FN:19,(anonymous_1)
FN:23,(anonymous_2)
FN:36,(anonymous_3)
FNF:3
FNH:2
FNDA:1,(anonymous_1)
FNDA:0,(anonymous_2)
FNDA:8,(anonymous_3)
DA:1,5
DA:2,5
DA:3,5
DA:20,1
DA:21,1
DA:22,1
DA:23,1
DA:30,1
DA:32,0
DA:37,8
DA:38,8
DA:39,8
DA:40,8
DA:41,0
DA:43,8
DA:44,8
DA:45,0
DA:47,8
DA:53,5
LF:19
LH:16
BRDA:40,0,0,0
BRF:1
BRH:0
end_of_record
TN:
SF:src/rcd/daos/documentDAO.ts
FN:13,(anonymous_1)
FN:17,(anonymous_2)
FN:31,(anonymous_3)
FN:64,(anonymous_4)
FN:84,(anonymous_5)
FN:95,(anonymous_6)
FN:108,(anonymous_7)
FN:130,(anonymous_8)
FNF:8
FNH:3
FNDA:16,(anonymous_1)
FNDA:13,(anonymous_2)
FNDA:0,(anonymous_3)
FNDA:0,(anonymous_4)
FNDA:0,(anonymous_5)
FNDA:12,(anonymous_6)
FNDA:0,(anonymous_7)
FNDA:0,(anonymous_8)
DA:3,5
DA:4,5
DA:5,5
DA:7,5
DA:8,5
DA:14,16
DA:18,13
DA:19,13
DA:20,13
DA:21,13
DA:23,0
DA:26,0
DA:27,0
DA:32,0
DA:50,0
DA:51,0
DA:52,0
DA:53,0
DA:54,0
DA:57,0
DA:59,0
DA:60,0
DA:65,0
DA:80,0
DA:81,0
DA:83,0
DA:85,0
DA:88,0
DA:90,0
DA:91,0
DA:96,12
DA:97,12
DA:101,12
DA:103,0
DA:104,0
DA:109,0
DA:111,0
DA:112,0
DA:114,0
DA:115,0
DA:117,0
DA:118,0
DA:119,0
DA:122,0
DA:124,0
DA:125,0
DA:131,0
DA:133,0
DA:134,0
DA:135,0
DA:137,0
DA:141,0
DA:142,0
DA:144,0
DA:147,0
DA:153,0
DA:167,0
DA:168,0
DA:169,0
DA:170,0
DA:172,0
DA:174,0
DA:175,0
DA:176,0
DA:178,0
DA:186,5
LF:66
LH:14
BRDA:20,0,0,13
BRDA:20,0,1,0
BRDA:111,1,0,0
BRDA:111,1,1,0
BRDA:114,2,0,0
BRDA:114,3,0,0
BRDA:114,3,1,0
BRDA:133,4,0,0
BRDA:133,4,1,0
BRDA:133,5,0,0
BRDA:133,5,1,0
BRDA:133,6,0,0
BRDA:133,6,1,0
BRDA:134,7,0,0
BRDA:134,8,0,0
BRDA:134,8,1,0
BRDA:134,9,0,0
BRDA:134,9,1,0
BRDA:134,10,0,0
BRDA:134,10,1,0
BRDA:134,11,0,0
BRDA:134,11,1,0
BRDA:134,12,0,0
BRDA:134,12,1,0
BRDA:141,13,0,0
BRDA:141,13,1,0
BRDA:141,14,0,0
BRDA:141,14,1,0
BRDA:141,15,0,0
BRDA:141,15,1,0
BRDA:156,16,0,0
BRDA:156,16,1,0
BRDA:163,17,0,0
BRDA:163,17,1,0
BRDA:163,18,0,0
BRDA:163,18,1,0
BRDA:169,19,0,0
BRDA:175,20,0,0
BRDA:175,20,1,0
BRDA:175,21,0,0
BRDA:175,21,1,0
BRF:41
BRH:1
end_of_record
TN:
SF:src/rcd/daos/userDAO.ts
FN:6,(anonymous_1)
FN:12,(anonymous_2)
FN:13,(anonymous_3)
FN:29,(anonymous_4)
FN:42,(anonymous_5)
FNF:5
FNH:4
FNDA:15,(anonymous_1)
FNDA:13,(anonymous_2)
FNDA:13,(anonymous_3)
FNDA:28,(anonymous_4)
FNDA:0,(anonymous_5)
DA:1,5
DA:2,5
DA:3,5
DA:7,15
DA:8,15
DA:9,15
DA:10,2
DA:12,13
DA:13,13
DA:14,13
DA:15,13
DA:18,13
DA:19,0
DA:21,13
DA:22,13
DA:24,0
DA:25,0
DA:30,28
DA:31,28
DA:32,28
DA:33,8
DA:35,20
DA:37,0
DA:38,0
DA:43,0
DA:44,0
DA:45,0
DA:48,0
DA:49,0
DA:57,5
LF:30
LH:20
BRDA:9,0,0,2
BRDA:14,1,0,0
BRDA:14,1,1,13
BRDA:18,2,0,0
BRDA:32,3,0,8
BRF:5
BRH:3
end_of_record
TN:
SF:src/rcd/routes/LinksRoute.ts
FN:17,(anonymous_1)
FN:25,(anonymous_2)
FN:29,(anonymous_3)
FN:34,(anonymous_4)
FN:35,(anonymous_5)
FN:38,(anonymous_6)
FN:54,(anonymous_7)
FN:55,(anonymous_8)
FN:56,(anonymous_9)
FNF:9
FNH:7
FNDA:5,(anonymous_1)
FNDA:5,(anonymous_2)
FNDA:5,(anonymous_3)
FNDA:1,(anonymous_4)
FNDA:0,(anonymous_5)
FNDA:1,(anonymous_6)
FNDA:2,(anonymous_7)
FNDA:0,(anonymous_8)
FNDA:2,(anonymous_9)
DA:1,5
DA:2,5
DA:3,5
DA:4,5
DA:6,5
DA:8,5
DA:18,5
DA:19,5
DA:20,5
DA:21,5
DA:22,5
DA:26,5
DA:31,5
DA:34,1
DA:36,0
DA:39,1
DA:40,1
DA:42,0
DA:46,5
DA:54,2
DA:55,0
DA:57,2
DA:58,2
DA:60,0
DA:61,0
DA:63,0
DA:70,5
LF:27
LH:21
BRDA:39,0,0,1
BRDA:39,1,0,1
BRDA:39,1,1,0
BRDA:57,2,0,2
BRDA:60,3,0,0
BRF:5
BRH:3
end_of_record
TN:
SF:src/rcd/routes/document_routes.ts
FN:15,(anonymous_1)
FN:26,(anonymous_2)
FN:37,(anonymous_3)
FN:62,(anonymous_4)
FN:63,(anonymous_5)
FN:64,(anonymous_6)
FN:84,(anonymous_7)
FN:87,(anonymous_8)
FN:88,(anonymous_9)
FN:116,(anonymous_10)
FN:117,(anonymous_11)
FN:118,(anonymous_12)
FN:125,(anonymous_13)
FN:126,(anonymous_14)
FN:128,(anonymous_15)
FN:176,(anonymous_16)
FN:195,(anonymous_17)
FN:235,(anonymous_18)
FN:244,(anonymous_19)
FN:255,(anonymous_20)
FN:256,(anonymous_21)
FN:266,(anonymous_22)
FNF:22
FNH:8
FNDA:0,(anonymous_1)
FNDA:5,(anonymous_2)
FNDA:5,(anonymous_3)
FNDA:2,(anonymous_4)
FNDA:0,(anonymous_5)
FNDA:2,(anonymous_6)
FNDA:0,(anonymous_7)
FNDA:0,(anonymous_8)
FNDA:0,(anonymous_9)
FNDA:2,(anonymous_10)
FNDA:0,(anonymous_11)
FNDA:2,(anonymous_12)
FNDA:0,(anonymous_13)
FNDA:0,(anonymous_14)
FNDA:0,(anonymous_15)
FNDA:2,(anonymous_16)
FNDA:0,(anonymous_17)
FNDA:0,(anonymous_18)
FNDA:0,(anonymous_19)
FNDA:0,(anonymous_20)
FNDA:0,(anonymous_21)
FNDA:5,(anonymous_22)
DA:1,5
DA:2,5
DA:3,5
DA:5,5
DA:8,5
DA:9,5
DA:16,0
DA:27,5
DA:28,5
DA:29,5
DA:30,5
DA:31,5
DA:55,5
DA:62,2
DA:63,0
DA:65,2
DA:78,5
DA:85,0
DA:86,0
DA:87,0
DA:89,0
DA:90,0
DA:93,0
DA:94,0
DA:112,5
DA:116,2
DA:117,0
DA:119,2
DA:123,5
DA:125,0
DA:126,0
DA:129,0
DA:133,5
DA:177,2
DA:178,0
DA:180,2
DA:181,1
DA:186,1
DA:188,1
DA:189,1
DA:191,0
DA:197,0
DA:198,0
DA:199,0
DA:200,0
DA:201,0
DA:205,0
DA:206,0
DA:208,0
DA:211,0
DA:212,0
DA:216,0
DA:229,5
DA:236,0
DA:237,0
DA:238,0
DA:241,0
DA:246,0
DA:247,0
DA:248,0
DA:249,0
DA:250,0
DA:251,0
DA:252,0
DA:254,0
DA:255,0
DA:257,0
DA:267,5
DA:271,5
LF:69
LH:29
BRDA:177,0,0,0
BRDA:180,1,0,1
BRDA:180,1,1,1
BRDA:181,2,0,1
BRDA:182,3,0,1
BRDA:182,3,1,1
BRDA:182,3,2,0
BRDA:188,4,0,1
BRDA:198,5,0,0
BRDA:211,6,0,0
BRDA:211,6,1,0
BRDA:236,7,0,0
BRDA:237,8,0,0
BRDA:237,9,0,0
BRDA:237,9,1,0
BRDA:237,9,2,0
BRDA:247,10,0,0
BRDA:247,10,1,0
BRDA:249,11,0,0
BRDA:249,11,1,0
BRDA:251,12,0,0
BRF:21
BRH:6
end_of_record
TN:
SF:src/rcd/routes/helper.ts
FN:16,(anonymous_0)
FN:20,(anonymous_1)
FN:33,(anonymous_2)
FN:34,(anonymous_3)
FNF:4
FNH:4
FNDA:24,(anonymous_0)
FNDA:2,(anonymous_1)
FNDA:5,(anonymous_2)
FNDA:4,(anonymous_3)
DA:2,5
DA:17,24
DA:18,24
DA:19,2
DA:20,2
DA:21,2
DA:24,2
DA:26,22
DA:34,5
DA:35,4
DA:43,5
LF:11
LH:11
BRDA:18,0,0,2
BRDA:35,1,0,4
BRDA:35,1,1,0
BRDA:36,2,0,4
BRDA:36,2,1,4
BRDA:37,3,0,4
BRDA:37,3,1,0
BRF:7
BRH:5
end_of_record
TN:
SF:src/rcd/routes/user_routes.ts
FN:21,(anonymous_1)
FN:33,(anonymous_2)
FN:44,(anonymous_3)
FN:225,(anonymous_4)
FN:232,(anonymous_5)
FN:243,(anonymous_6)
FN:259,(anonymous_7)
FN:277,(anonymous_8)
FN:279,(anonymous_9)
FN:280,(anonymous_10)
FN:292,(anonymous_11)
FNF:11
FNH:4
FNDA:0,(anonymous_1)
FNDA:0,(anonymous_2)
FNDA:0,(anonymous_3)
FNDA:5,(anonymous_4)
FNDA:5,(anonymous_5)
FNDA:5,(anonymous_6)
FNDA:15,(anonymous_7)
FNDA:0,(anonymous_8)
FNDA:0,(anonymous_9)
FNDA:0,(anonymous_10)
FNDA:0,(anonymous_11)
DA:1,5
DA:3,5
DA:5,5
DA:22,0
DA:23,0
DA:24,0
DA:26,0
DA:34,0
DA:226,5
DA:227,5
DA:228,5
DA:229,5
DA:233,5
DA:254,5
DA:260,15
DA:261,15
DA:262,13
DA:264,2
DA:274,5
DA:278,0
DA:279,0
DA:280,0
DA:289,5
DA:292,0
DA:297,5
LF:25
LH:16
BRF:0
BRH:0
end_of_record
TN:
SF:src/test/populate_for_some_tests.ts
FN:10,populate
FNF:1
FNH:1
FNDA:28,populate
DA:1,5
DA:2,5
DA:3,5
DA:4,5
DA:5,5
DA:6,5
DA:8,5
DA:10,5
DA:11,28
DA:13,28
DA:14,77
DA:19,20
DA:20,20
DA:25,0
DA:26,0
DA:27,0
DA:28,0
DA:32,0
DA:33,0
DA:38,0
DA:39,0
DA:44,28
LF:22
LH:14
BRF:0
BRH:0
end_of_record
TN:
SF:src/test/tests_integration/test_utility.ts
FN:8,(anonymous_1)
FN:9,(anonymous_2)
FN:11,(anonymous_3)
FNF:3
FNH:3
FNDA:15,(anonymous_1)
FNDA:15,(anonymous_2)
FNDA:15,(anonymous_3)
DA:1,3
DA:2,3
DA:4,3
DA:5,3
DA:6,3
DA:8,3
DA:9,15
DA:10,15
DA:12,15
DA:13,2
DA:15,15
DA:20,3
LF:12
LH:12
BRDA:12,0,0,2
BRF:1
BRH:1
end_of_record
