TN:
SF:index.ts
FN:24,(anonymous_8)
FN:36,(anonymous_9)
FN:40,start
FNF:3
FNH:1
FNDA:0,(anonymous_8)
FNDA:4,(anonymous_9)
FNDA:0,start
DA:1,4
DA:2,4
DA:3,4
DA:4,4
DA:6,4
DA:7,4
DA:9,4
DA:14,4
DA:15,4
DA:18,4
DA:19,4
DA:22,4
DA:25,0
DA:26,0
DA:27,0
DA:29,0
DA:30,0
DA:33,4
DA:36,4
DA:37,4
DA:41,0
DA:43,4
DA:44,0
DA:45,0
DA:48,4
LF:25
LH:17
BRDA:26,0,0,0
BRDA:43,1,0,0
BRF:2
BRH:0
end_of_record
TN:
SF:src/routes.ts
FN:20,initRoutes
FNF:1
FNH:1
FNDA:4,initRoutes
DA:1,4
DA:3,4
DA:4,4
DA:6,4
DA:7,4
DA:8,4
DA:9,4
DA:10,4
DA:21,4
DA:22,4
DA:23,4
DA:25,4
DA:26,4
DA:27,4
DA:28,4
DA:36,4
DA:37,4
DA:38,4
DA:40,4
DA:41,4
DA:45,4
LF:21
LH:21
BRF:0
BRH:0
end_of_record
TN:
SF:src/authentication/auth.ts
FN:13,(anonymous_8)
FN:19,(anonymous_9)
FN:32,verify
FN:45,(anonymous_12)
FN:50,(anonymous_13)
FN:50,(anonymous_14)
FN:64,(anonymous_15)
FN:65,(anonymous_16)
FN:66,(anonymous_17)
FN:71,(anonymous_18)
FN:72,(anonymous_19)
FN:73,(anonymous_20)
FN:80,(anonymous_21)
FN:92,(anonymous_22)
FN:101,(anonymous_23)
FN:102,(anonymous_24)
FNF:16
FNH:2
FNDA:4,(anonymous_8)
FNDA:4,(anonymous_9)
FNDA:0,verify
FNDA:0,(anonymous_12)
FNDA:0,(anonymous_13)
FNDA:0,(anonymous_14)
FNDA:0,(anonymous_15)
FNDA:0,(anonymous_16)
FNDA:0,(anonymous_17)
FNDA:0,(anonymous_18)
FNDA:0,(anonymous_19)
FNDA:0,(anonymous_20)
FNDA:0,(anonymous_21)
FNDA:0,(anonymous_22)
FNDA:0,(anonymous_23)
FNDA:0,(anonymous_24)
DA:1,4
DA:2,4
DA:5,4
DA:7,4
DA:14,4
DA:15,4
DA:16,4
DA:20,4
DA:26,4
DA:27,4
DA:29,4
DA:32,4
DA:34,0
DA:35,0
DA:36,0
DA:37,0
DA:39,0
DA:41,0
DA:45,4
DA:46,0
DA:47,0
DA:50,4
DA:51,0
DA:52,0
DA:53,0
DA:54,0
DA:56,0
DA:58,0
DA:65,0
DA:66,0
DA:72,0
DA:73,0
DA:74,0
DA:75,0
DA:77,0
DA:78,0
DA:80,0
DA:81,0
DA:82,0
DA:84,0
DA:93,0
DA:94,0
DA:96,0
DA:102,0
DA:103,0
DA:104,0
DA:106,0
DA:115,4
LF:48
LH:15
BRDA:36,0,0,0
BRDA:53,1,0,0
BRDA:74,2,0,0
BRDA:77,3,0,0
BRDA:81,4,0,0
BRDA:93,5,0,0
BRDA:103,6,0,0
BRDA:103,7,0,0
BRDA:103,7,1,0
BRDA:103,7,2,0
BRF:10
BRH:0
end_of_record
TN:
SF:src/db/db.ts
FNF:0
FNH:0
DA:1,8
DA:2,8
DA:4,8
DA:5,8
DA:6,8
DA:8,8
LF:6
LH:6
BRDA:4,0,0,8
BRDA:4,0,1,0
BRF:2
BRH:1
end_of_record
TN:
SF:src/db/db_common_operations.ts
FN:14,dbPopulate
FN:63,dbEmpty
FN:76,dbRead
FN:90,dbUpdate
FN:106,dbPopulateActualData
FNF:5
FNH:1
FNDA:0,dbPopulate
FNDA:31,dbEmpty
FNDA:0,dbRead
FNDA:0,dbUpdate
FNDA:0,dbPopulateActualData
DA:2,7
DA:3,7
DA:4,7
DA:7,7
DA:8,7
DA:9,7
DA:10,7
DA:14,7
DA:15,0
DA:17,0
DA:24,0
DA:52,0
DA:58,0
DA:63,7
DA:64,31
DA:65,31
DA:68,0
DA:76,7
DA:77,0
DA:78,0
DA:79,0
DA:80,0
DA:81,0
DA:82,0
DA:83,0
DA:85,0
DA:86,0
DA:90,7
DA:91,0
DA:94,0
DA:99,0
DA:101,0
DA:102,0
DA:106,7
DA:107,0
DA:109,0
DA:110,0
DA:115,0
DA:116,0
DA:121,0
DA:122,0
DA:123,0
DA:124,0
DA:128,0
DA:129,0
DA:134,0
DA:135,0
DA:140,0
LF:48
LH:14
BRF:0
BRH:0
end_of_record
TN:
SF:src/db/db_init.ts
FN:4,dbInit
FNF:1
FNH:0
FNDA:0,dbInit
DA:1,4
DA:2,4
DA:5,0
DA:6,0
DA:7,0
DA:10,4
DA:11,0
DA:12,0
DA:15,4
LF:9
LH:4
BRDA:10,0,0,0
BRF:1
BRH:0
end_of_record
TN:
SF:src/db/knexfile.ts
FNF:0
FNH:0
DA:33,8
DA:35,8
DA:37,8
DA:73,8
LF:4
LH:4
BRF:0
BRH:0
end_of_record
TN:
SF:src/db/temp_db.ts
FN:9,(anonymous_8)
FN:19,(anonymous_9)
FN:28,(anonymous_11)
FNF:3
FNH:3
FNDA:4,(anonymous_8)
FNDA:4,(anonymous_9)
FNDA:4,(anonymous_11)
DA:4,4
DA:10,4
DA:20,4
DA:21,4
DA:23,0
DA:24,0
DA:29,4
DA:30,4
DA:32,0
DA:33,0
DA:38,4
DA:39,4
DA:41,4
LF:13
LH:9
BRF:0
BRH:0
end_of_record
TN:
SF:src/db/actual_data/documents.ts
FNF:0
FNH:0
DA:1,7
DA:2,7
DA:3,7
DA:4,7
DA:6,7
DA:29,7
DA:49,7
DA:78,7
DA:80,7
LF:9
LH:9
BRF:0
BRH:0
end_of_record
TN:
SF:src/db/sample_data/sample_doc_files.ts
FNF:0
FNH:0
DA:1,7
LF:1
LH:1
BRF:0
BRH:0
end_of_record
TN:
SF:src/db/sample_data/sample_files.ts
FNF:0
FNH:0
DA:1,7
DA:3,7
LF:2
LH:2
BRF:0
BRH:0
end_of_record
TN:
SF:src/db/sample_data/sample_users.ts
FNF:0
FNH:0
DA:2,7
LF:1
LH:1
BRF:0
BRH:0
end_of_record
TN:
SF:src/errors/documentErrors.ts
FN:11,(anonymous_0)
FN:26,(anonymous_1)
FNF:2
FNH:1
FNDA:12,(anonymous_0)
FNDA:0,(anonymous_1)
DA:1,4
DA:12,12
DA:13,12
DA:14,12
DA:15,12
DA:27,0
DA:28,0
DA:29,0
DA:33,4
LF:9
LH:6
BRF:0
BRH:0
end_of_record
TN:
SF:src/models/coordinates.ts
FN:7,(anonymous_7)
FN:12,(anonymous_8)
FN:20,(anonymous_9)
FN:30,(anonymous_10)
FN:36,(anonymous_11)
FNF:5
FNH:5
FNDA:7,(anonymous_7)
FNDA:6,(anonymous_8)
FNDA:3,(anonymous_9)
FNDA:3,(anonymous_10)
FNDA:1,(anonymous_11)
DA:3,2
DA:8,7
DA:9,7
DA:13,6
DA:22,3
DA:23,3
DA:32,3
DA:33,3
DA:37,1
DA:38,1
LF:10
LH:10
BRF:0
BRH:0
end_of_record
TN:
SF:src/models/document.ts
FN:6,(anonymous_1)
FN:30,(anonymous_2)
FN:48,(anonymous_3)
FN:64,(anonymous_4)
FN:87,(anonymous_5)
FN:103,(anonymous_6)
FN:107,(anonymous_7)
FN:111,(anonymous_8)
FN:115,(anonymous_9)
FN:119,(anonymous_10)
FN:123,(anonymous_11)
FN:127,(anonymous_12)
FN:133,(anonymous_13)
FN:147,(anonymous_14)
FN:155,(anonymous_15)
FN:172,(anonymous_16)
FN:189,(anonymous_17)
FNF:17
FNH:8
FNDA:8,(anonymous_1)
FNDA:26,(anonymous_2)
FNDA:2,(anonymous_3)
FNDA:17,(anonymous_4)
FNDA:0,(anonymous_5)
FNDA:0,(anonymous_6)
FNDA:0,(anonymous_7)
FNDA:0,(anonymous_8)
FNDA:0,(anonymous_9)
FNDA:0,(anonymous_10)
FNDA:0,(anonymous_11)
FNDA:0,(anonymous_12)
FNDA:8,(anonymous_13)
FNDA:2,(anonymous_14)
FNDA:2,(anonymous_15)
FNDA:1,(anonymous_16)
FNDA:0,(anonymous_17)
DA:1,8
DA:2,8
DA:3,8
DA:6,8
DA:7,8
DA:8,8
DA:9,8
DA:10,8
DA:11,8
DA:34,26
DA:35,26
DA:36,26
DA:37,26
DA:39,26
DA:40,26
DA:41,26
DA:42,26
DA:43,26
DA:44,26
DA:45,26
DA:49,2
DA:65,17
DA:88,0
DA:104,0
DA:108,0
DA:112,0
DA:116,0
DA:120,0
DA:124,0
DA:128,0
DA:133,8
DA:134,8
DA:135,8
DA:136,8
DA:137,8
DA:148,2
DA:149,2
DA:150,2
DA:151,2
DA:152,2
DA:157,2
DA:158,1
DA:159,1
DA:160,1
DA:161,1
DA:163,1
DA:173,1
DA:190,0
DA:199,8
LF:49
LH:40
BRDA:6,0,0,8
BRDA:6,0,1,8
BRDA:54,1,0,1
BRDA:54,1,1,1
BRDA:55,2,0,1
BRDA:55,2,1,1
BRDA:56,3,0,1
BRDA:56,3,1,1
BRDA:57,4,0,1
BRDA:57,4,1,1
BRDA:58,5,0,1
BRDA:58,5,1,1
BRDA:59,6,0,1
BRDA:59,6,1,1
BRDA:60,7,0,1
BRDA:60,7,1,1
BRDA:133,8,0,8
BRDA:133,8,1,8
BRDA:157,9,0,1
BRDA:158,10,0,0
BRDA:159,11,0,0
BRDA:160,12,0,0
BRDA:161,13,0,0
BRF:23
BRH:19
end_of_record
TN:
SF:src/models/user.ts
FN:1,(anonymous_0)
FN:13,(anonymous_1)
FN:19,(anonymous_2)
FN:22,(anonymous_3)
FN:25,(anonymous_4)
FN:28,(anonymous_5)
FN:32,(anonymous_6)
FN:35,(anonymous_7)
FN:38,(anonymous_8)
FNF:9
FNH:1
FNDA:4,(anonymous_0)
FNDA:0,(anonymous_1)
FNDA:0,(anonymous_2)
FNDA:0,(anonymous_3)
FNDA:0,(anonymous_4)
FNDA:0,(anonymous_5)
FNDA:0,(anonymous_6)
FNDA:0,(anonymous_7)
FNDA:0,(anonymous_8)
DA:1,4
DA:2,4
DA:3,4
DA:4,4
DA:14,0
DA:15,0
DA:16,0
DA:17,0
DA:20,0
DA:23,0
DA:26,0
DA:29,0
DA:33,0
DA:36,0
DA:39,0
DA:43,4
LF:16
LH:5
BRDA:1,0,0,4
BRDA:1,0,1,4
BRF:2
BRH:2
end_of_record
TN:
SF:src/rcd/controllers/LinkController.ts
FN:9,(anonymous_8)
FN:14,(anonymous_9)
FN:21,(anonymous_11)
FNF:3
FNH:3
FNDA:5,(anonymous_8)
FNDA:2,(anonymous_9)
FNDA:7,(anonymous_11)
DA:1,4
DA:2,4
DA:10,5
DA:11,5
DA:15,2
DA:16,2
DA:18,0
DA:22,7
DA:23,0
DA:25,7
DA:26,7
DA:28,0
DA:32,4
LF:13
LH:10
BRDA:15,0,0,2
BRDA:22,1,0,0
BRDA:25,2,0,7
BRDA:25,3,0,7
BRDA:25,3,1,0
BRF:5
BRH:3
end_of_record
TN:
SF:src/rcd/controllers/documentController.ts
FN:21,(anonymous_8)
FN:38,(anonymous_9)
FN:85,(anonymous_11)
FN:98,(anonymous_13)
FN:123,(anonymous_15)
FN:135,(anonymous_17)
FNF:6
FNH:4
FNDA:6,(anonymous_8)
FNDA:1,(anonymous_9)
FNDA:8,(anonymous_11)
FNDA:0,(anonymous_13)
FNDA:4,(anonymous_15)
FNDA:0,(anonymous_17)
DA:1,4
DA:2,4
DA:22,6
DA:50,1
DA:53,1
DA:66,1
DA:68,1
DA:69,0
DA:71,1
DA:72,1
DA:86,8
DA:87,8
DA:88,8
DA:89,8
DA:91,0
DA:93,8
DA:94,8
DA:99,0
DA:100,0
DA:101,0
DA:102,0
DA:103,0
DA:104,0
DA:106,0
DA:108,0
DA:109,0
DA:124,4
DA:125,4
DA:126,4
DA:127,4
DA:129,0
DA:131,4
DA:136,0
DA:137,0
DA:138,0
DA:140,0
DA:145,4
LF:37
LH:21
BRDA:88,0,0,8
BRDA:103,1,0,0
BRDA:126,2,0,4
BRF:3
BRH:2
end_of_record
TN:
SF:src/rcd/daos/LinksDAO.ts
FN:19,(anonymous_8)
FN:23,(anonymous_10)
FN:36,(anonymous_11)
FNF:3
FNH:2
FNDA:1,(anonymous_8)
FNDA:0,(anonymous_10)
FNDA:8,(anonymous_11)
DA:1,4
DA:2,4
DA:3,4
DA:20,1
DA:21,1
DA:22,1
DA:23,1
DA:30,1
DA:32,0
DA:37,8
DA:38,8
DA:39,8
DA:40,8
DA:41,0
DA:43,8
DA:44,8
DA:45,0
DA:47,8
DA:53,4
LF:19
LH:16
BRDA:40,0,0,0
BRF:1
BRH:0
end_of_record
TN:
SF:src/rcd/daos/documentDAO.ts
FN:12,(anonymous_8)
FN:16,(anonymous_9)
FN:30,(anonymous_11)
FN:54,(anonymous_13)
FN:67,(anonymous_15)
FN:82,(anonymous_17)
FNF:6
FNH:4
FNDA:13,(anonymous_8)
FNDA:15,(anonymous_9)
FNDA:0,(anonymous_11)
FNDA:15,(anonymous_13)
FNDA:0,(anonymous_15)
FNDA:1,(anonymous_17)
DA:2,4
DA:3,4
DA:5,4
DA:7,4
DA:13,13
DA:17,15
DA:18,15
DA:19,15
DA:20,15
DA:22,0
DA:25,0
DA:26,0
DA:31,0
DA:32,0
DA:33,0
DA:34,0
DA:35,0
DA:36,0
DA:40,0
DA:41,0
DA:47,0
DA:49,0
DA:50,0
DA:55,15
DA:56,15
DA:60,15
DA:62,0
DA:63,0
DA:68,0
DA:69,0
DA:70,0
DA:72,0
DA:73,0
DA:75,0
DA:77,0
DA:78,0
DA:87,1
DA:89,1
DA:95,1
DA:108,1
DA:109,1
DA:110,0
DA:111,0
DA:114,1
DA:115,1
DA:120,4
LF:46
LH:20
BRDA:19,0,0,15
BRDA:19,0,1,0
BRDA:34,1,0,0
BRDA:98,2,0,1
BRDA:98,2,1,0
BRDA:104,3,0,1
BRDA:104,3,1,0
BRDA:110,4,0,0
BRF:8
BRH:3
end_of_record
TN:
SF:src/rcd/daos/userDAO.ts
FN:6,(anonymous_8)
FN:12,(anonymous_10)
FN:13,(anonymous_11)
FN:28,(anonymous_12)
FN:41,(anonymous_14)
FNF:5
FNH:0
FNDA:0,(anonymous_8)
FNDA:0,(anonymous_10)
FNDA:0,(anonymous_11)
FNDA:0,(anonymous_12)
FNDA:0,(anonymous_14)
DA:1,4
DA:2,4
DA:3,4
DA:7,0
DA:8,0
DA:9,0
DA:10,0
DA:12,0
DA:13,0
DA:14,0
DA:15,0
DA:18,0
DA:19,0
DA:21,0
DA:23,0
DA:24,0
DA:29,0
DA:30,0
DA:31,0
DA:32,0
DA:34,0
DA:36,0
DA:37,0
DA:42,0
DA:43,0
DA:44,0
DA:47,0
DA:48,0
DA:56,4
LF:29
LH:4
BRDA:9,0,0,0
BRDA:14,1,0,0
BRDA:14,1,1,0
BRDA:18,2,0,0
BRDA:31,3,0,0
BRF:5
BRH:0
end_of_record
TN:
SF:src/rcd/routes/LinksRoute.ts
FN:14,(anonymous_1)
FN:21,(anonymous_2)
FN:25,(anonymous_3)
FN:30,(anonymous_4)
FN:31,(anonymous_5)
FN:34,(anonymous_6)
FN:48,(anonymous_7)
FN:49,(anonymous_8)
FN:50,(anonymous_9)
FNF:9
FNH:7
FNDA:4,(anonymous_1)
FNDA:4,(anonymous_2)
FNDA:4,(anonymous_3)
FNDA:1,(anonymous_4)
FNDA:0,(anonymous_5)
FNDA:1,(anonymous_6)
FNDA:3,(anonymous_7)
FNDA:0,(anonymous_8)
FNDA:3,(anonymous_9)
DA:1,4
DA:2,4
DA:3,4
DA:4,4
DA:6,4
DA:15,4
DA:16,4
DA:17,4
DA:18,4
DA:22,4
DA:27,4
DA:30,1
DA:32,0
DA:35,1
DA:36,1
DA:38,0
DA:42,4
DA:48,3
DA:49,0
DA:51,3
DA:52,3
DA:54,0
DA:55,0
DA:57,0
DA:64,4
LF:25
LH:19
BRDA:35,0,0,1
BRDA:35,1,0,1
BRDA:35,1,1,0
BRDA:51,2,0,3
BRDA:54,3,0,0
BRF:5
BRH:3
end_of_record
TN:
SF:src/rcd/routes/document_routes.ts
FN:14,(anonymous_8)
FN:25,(anonymous_9)
FN:36,(anonymous_10)
FN:64,(anonymous_11)
FN:65,(anonymous_12)
FN:66,(anonymous_13)
FN:88,(anonymous_14)
FN:89,(anonymous_15)
FN:90,(anonymous_16)
FN:97,(anonymous_17)
FN:98,(anonymous_18)
FN:99,(anonymous_19)
FN:119,(anonymous_20)
FN:126,(anonymous_21)
FN:126,(anonymous_22)
FN:155,(anonymous_23)
FN:155,(anonymous_24)
FN:159,(anonymous_25)
FN:160,(anonymous_26)
FN:170,(anonymous_27)
FNF:20
FNH:10
FNDA:0,(anonymous_8)
FNDA:4,(anonymous_9)
FNDA:4,(anonymous_10)
FNDA:4,(anonymous_11)
FNDA:0,(anonymous_12)
FNDA:4,(anonymous_13)
FNDA:2,(anonymous_14)
FNDA:0,(anonymous_15)
FNDA:2,(anonymous_16)
FNDA:0,(anonymous_17)
FNDA:0,(anonymous_18)
FNDA:0,(anonymous_19)
FNDA:2,(anonymous_20)
FNDA:3,(anonymous_21)
FNDA:3,(anonymous_22)
FNDA:0,(anonymous_23)
FNDA:0,(anonymous_24)
FNDA:0,(anonymous_25)
FNDA:0,(anonymous_26)
FNDA:4,(anonymous_27)
DA:1,4
DA:2,4
DA:3,4
DA:8,4
DA:15,0
DA:26,4
DA:27,4
DA:28,4
DA:29,4
DA:30,4
DA:54,4
DA:64,4
DA:65,0
DA:67,4
DA:84,4
DA:88,2
DA:89,0
DA:91,2
DA:95,4
DA:97,0
DA:98,0
DA:100,0
DA:104,4
DA:120,2
DA:121,1
DA:122,1
DA:124,1
DA:126,3
DA:127,3
DA:128,3
DA:129,2
DA:130,2
DA:131,2
DA:135,1
DA:136,1
DA:138,0
DA:147,4
DA:155,0
DA:157,0
DA:158,0
DA:159,0
DA:161,0
DA:171,4
DA:175,4
LF:44
LH:32
BRDA:120,0,0,1
BRDA:120,1,0,2
BRDA:120,1,1,1
BRDA:128,2,0,2
BRF:4
BRH:4
end_of_record
TN:
SF:src/rcd/routes/helper.ts
FN:16,(anonymous_0)
FN:20,(anonymous_1)
FN:33,(anonymous_2)
FN:34,(anonymous_3)
FNF:4
FNH:4
FNDA:13,(anonymous_0)
FNDA:3,(anonymous_1)
FNDA:4,(anonymous_2)
FNDA:7,(anonymous_3)
DA:2,4
DA:17,13
DA:18,13
DA:19,3
DA:20,3
DA:21,3
DA:24,3
DA:26,10
DA:34,4
DA:35,7
DA:43,4
LF:11
LH:11
BRDA:18,0,0,3
BRDA:35,1,0,7
BRDA:35,1,1,1
BRDA:36,2,0,7
BRDA:36,2,1,7
BRDA:37,3,0,7
BRDA:37,3,1,1
BRF:7
BRH:7
end_of_record
TN:
SF:src/rcd/routes/user_routes.ts
FN:21,(anonymous_8)
FN:33,(anonymous_9)
FN:44,(anonymous_10)
FN:225,(anonymous_11)
FN:232,(anonymous_12)
FN:243,(anonymous_13)
FN:259,(anonymous_14)
FN:259,(anonymous_15)
FN:277,(anonymous_16)
FN:279,(anonymous_17)
FN:280,(anonymous_18)
FN:292,(anonymous_19)
FNF:12
FNH:3
FNDA:0,(anonymous_8)
FNDA:0,(anonymous_9)
FNDA:0,(anonymous_10)
FNDA:4,(anonymous_11)
FNDA:4,(anonymous_12)
FNDA:4,(anonymous_13)
FNDA:0,(anonymous_14)
FNDA:0,(anonymous_15)
FNDA:0,(anonymous_16)
FNDA:0,(anonymous_17)
FNDA:0,(anonymous_18)
FNDA:0,(anonymous_19)
DA:1,4
DA:3,4
DA:5,4
DA:22,0
DA:23,0
DA:24,0
DA:26,0
DA:34,0
DA:226,4
DA:227,4
DA:228,4
DA:229,4
DA:233,4
DA:254,4
DA:259,0
DA:260,0
DA:261,0
DA:262,0
DA:264,0
DA:274,4
DA:278,0
DA:279,0
DA:280,0
DA:289,4
DA:292,0
DA:297,4
LF:26
LH:12
BRF:0
BRH:0
end_of_record
TN:
SF:src/test/populate_for_some_tests.ts
FN:10,populate
FNF:1
FNH:1
FNDA:16,populate
DA:1,3
DA:2,3
DA:3,3
DA:4,3
DA:5,3
DA:6,3
DA:8,3
DA:10,3
DA:11,16
DA:13,16
DA:14,64
DA:19,16
DA:20,16
DA:25,0
DA:26,0
DA:27,0
DA:28,0
DA:32,0
DA:33,0
DA:38,0
DA:39,0
DA:44,16
LF:22
LH:14
BRF:0
BRH:0
end_of_record
